mode: set
project1/controllers/productController.go:16.52,23.14 4 1
project1/controllers/productController.go:26.2,26.97 1 1
project1/controllers/productController.go:23.14,25.3 1 1
project1/controllers/productController.go:30.50,33.14 2 1
project1/controllers/productController.go:36.2,36.97 1 1
project1/controllers/productController.go:33.14,35.3 1 1
project1/controllers/productController.go:40.49,43.16 2 1
project1/controllers/productController.go:47.2,48.14 2 1
project1/controllers/productController.go:51.2,51.18 1 1
project1/controllers/productController.go:54.2,54.97 1 1
project1/controllers/productController.go:43.16,45.3 1 1
project1/controllers/productController.go:48.14,50.3 1 1
project1/controllers/productController.go:51.18,53.3 1 1
project1/controllers/productController.go:58.53,63.14 3 0
project1/controllers/productController.go:66.2,66.18 1 0
project1/controllers/productController.go:69.2,69.102 1 0
project1/controllers/productController.go:63.14,65.3 1 0
project1/controllers/productController.go:66.18,68.3 1 0
project1/controllers/productController.go:73.52,76.14 2 1
project1/controllers/productController.go:81.2,83.16 3 1
project1/controllers/productController.go:86.2,86.21 1 1
project1/controllers/productController.go:89.2,90.16 2 1
project1/controllers/productController.go:93.2,96.43 3 1
project1/controllers/productController.go:101.2,105.15 4 1
project1/controllers/productController.go:108.2,108.86 1 1
project1/controllers/productController.go:76.14,78.3 1 1
project1/controllers/productController.go:83.16,85.3 1 1
project1/controllers/productController.go:86.21,88.3 1 1
project1/controllers/productController.go:90.16,91.13 1 0
project1/controllers/productController.go:96.43,98.3 1 0
project1/controllers/productController.go:105.15,107.3 1 0
project1/controllers/productController.go:112.52,115.16 2 1
project1/controllers/productController.go:120.2,122.16 3 1
project1/controllers/productController.go:125.2,125.21 1 1
project1/controllers/productController.go:128.2,129.16 2 1
project1/controllers/productController.go:132.2,135.40 3 1
project1/controllers/productController.go:140.2,140.50 1 1
project1/controllers/productController.go:143.2,143.86 1 1
project1/controllers/productController.go:115.16,117.3 1 1
project1/controllers/productController.go:122.16,124.3 1 1
project1/controllers/productController.go:125.21,127.3 1 1
project1/controllers/productController.go:129.16,130.13 1 0
project1/controllers/productController.go:135.40,137.3 1 1
project1/controllers/productController.go:140.50,142.3 1 0
project1/controllers/userController.go:17.49,22.16 4 0
project1/controllers/userController.go:27.2,30.4 1 0
project1/controllers/userController.go:22.16,26.3 1 0
project1/controllers/userController.go:34.50,36.16 2 0
project1/controllers/userController.go:41.2,44.4 1 0
project1/controllers/userController.go:36.16,40.3 1 0
project1/controllers/userController.go:48.52,51.16 3 0
project1/controllers/userController.go:56.2,59.4 1 0
project1/controllers/userController.go:51.16,55.3 1 0
project1/controllers/userController.go:63.47,66.16 3 0
project1/controllers/userController.go:71.2,72.16 2 0
project1/controllers/userController.go:79.2,82.4 1 0
project1/controllers/userController.go:66.16,70.3 1 0
project1/controllers/userController.go:72.16,77.3 1 0
project1/controllers/userController.go:86.49,88.16 2 0
project1/controllers/userController.go:93.2,94.16 2 0
project1/controllers/userController.go:100.2,102.4 1 0
project1/controllers/userController.go:88.16,92.3 1 0
project1/controllers/userController.go:94.16,99.3 1 0
project1/controllers/userController.go:106.49,109.16 3 0
project1/controllers/userController.go:114.2,115.16 2 0
project1/controllers/userController.go:121.2,124.4 1 0
project1/controllers/userController.go:109.16,113.3 1 0
project1/controllers/userController.go:115.16,120.3 1 0
