mode: set
project1/controllers/orderController.go:13.50,18.14 3 1
project1/controllers/orderController.go:21.2,21.16 1 1
project1/controllers/orderController.go:24.2,24.98 1 1
project1/controllers/orderController.go:18.14,20.3 1 1
project1/controllers/orderController.go:21.16,23.3 1 0
project1/controllers/orderController.go:27.54,32.14 3 0
project1/controllers/orderController.go:35.2,35.16 1 0
project1/controllers/orderController.go:38.2,38.98 1 0
project1/controllers/orderController.go:32.14,34.3 1 0
project1/controllers/orderController.go:35.16,37.3 1 0
project1/controllers/orderController.go:41.53,46.14 3 0
project1/controllers/orderController.go:49.2,49.16 1 0
project1/controllers/orderController.go:52.2,52.105 1 0
project1/controllers/orderController.go:46.14,48.3 1 0
project1/controllers/orderController.go:49.16,51.3 1 0
project1/controllers/orderController.go:56.50,62.14 4 0
project1/controllers/orderController.go:65.2,65.93 1 0
project1/controllers/orderController.go:62.14,64.3 1 0
project1/controllers/orderController.go:68.56,74.15 4 0
project1/controllers/orderController.go:77.2,78.15 2 0
project1/controllers/orderController.go:81.2,81.16 1 0
project1/controllers/orderController.go:85.2,87.97 2 0
project1/controllers/orderController.go:74.15,76.3 1 0
project1/controllers/orderController.go:78.15,80.3 1 0
project1/controllers/orderController.go:81.16,83.3 1 0
project1/controllers/productController.go:15.52,22.14 5 0
project1/controllers/productController.go:25.2,26.97 2 0
project1/controllers/productController.go:22.14,24.3 1 0
project1/controllers/productController.go:30.50,33.14 2 0
project1/controllers/productController.go:36.2,36.19 1 0
project1/controllers/productController.go:39.2,39.97 1 0
project1/controllers/productController.go:33.14,35.3 1 0
project1/controllers/productController.go:36.19,38.3 1 0
project1/controllers/productController.go:43.49,46.16 2 0
project1/controllers/productController.go:50.2,51.14 2 0
project1/controllers/productController.go:54.2,54.18 1 0
project1/controllers/productController.go:57.2,57.97 1 0
project1/controllers/productController.go:46.16,48.3 1 0
project1/controllers/productController.go:51.14,53.3 1 0
project1/controllers/productController.go:54.18,56.3 1 0
project1/controllers/productController.go:61.53,66.14 3 0
project1/controllers/productController.go:69.2,69.18 1 0
project1/controllers/productController.go:72.2,72.102 1 0
project1/controllers/productController.go:66.14,68.3 1 0
project1/controllers/productController.go:69.18,71.3 1 0
project1/controllers/productController.go:76.52,79.14 2 0
project1/controllers/productController.go:84.2,86.24 3 0
project1/controllers/productController.go:90.2,95.92 5 0
project1/controllers/productController.go:79.14,81.3 1 0
project1/controllers/productController.go:86.24,88.3 1 0
project1/controllers/productController.go:99.52,102.16 2 0
project1/controllers/productController.go:106.2,108.24 3 0
project1/controllers/productController.go:112.2,113.86 2 0
project1/controllers/productController.go:102.16,104.3 1 0
project1/controllers/productController.go:108.24,110.3 1 0
project1/controllers/userController.go:17.49,22.16 4 0
project1/controllers/userController.go:27.2,30.4 1 0
project1/controllers/userController.go:22.16,26.3 1 0
project1/controllers/userController.go:34.50,36.16 2 0
project1/controllers/userController.go:41.2,44.4 1 0
project1/controllers/userController.go:36.16,40.3 1 0
project1/controllers/userController.go:48.52,51.16 3 0
project1/controllers/userController.go:56.2,59.4 1 0
project1/controllers/userController.go:51.16,55.3 1 0
project1/controllers/userController.go:63.47,66.16 3 0
project1/controllers/userController.go:71.2,72.16 2 0
project1/controllers/userController.go:79.2,82.4 1 0
project1/controllers/userController.go:66.16,70.3 1 0
project1/controllers/userController.go:72.16,77.3 1 0
project1/controllers/userController.go:86.49,88.16 2 0
project1/controllers/userController.go:93.2,94.16 2 0
project1/controllers/userController.go:100.2,102.4 1 0
project1/controllers/userController.go:88.16,92.3 1 0
project1/controllers/userController.go:94.16,99.3 1 0
project1/controllers/userController.go:106.49,109.16 3 0
project1/controllers/userController.go:114.2,115.16 2 0
project1/controllers/userController.go:121.2,124.4 1 0
project1/controllers/userController.go:109.16,113.3 1 0
project1/controllers/userController.go:115.16,120.3 1 0
