mode: set
project1/controllers/orderController.go:13.50,18.14 3 1
project1/controllers/orderController.go:21.2,21.16 1 1
project1/controllers/orderController.go:24.2,24.98 1 1
project1/controllers/orderController.go:18.14,20.3 1 1
project1/controllers/orderController.go:21.16,23.3 1 1
project1/controllers/orderController.go:27.54,32.14 3 1
project1/controllers/orderController.go:35.2,35.16 1 1
project1/controllers/orderController.go:38.2,38.98 1 1
project1/controllers/orderController.go:32.14,34.3 1 0
project1/controllers/orderController.go:35.16,37.3 1 1
project1/controllers/orderController.go:41.53,46.14 3 1
project1/controllers/orderController.go:49.2,49.16 1 1
project1/controllers/orderController.go:52.2,52.105 1 1
project1/controllers/orderController.go:46.14,48.3 1 1
project1/controllers/orderController.go:49.16,51.3 1 1
project1/controllers/orderController.go:56.50,62.14 4 1
project1/controllers/orderController.go:65.2,65.93 1 1
project1/controllers/orderController.go:62.14,64.3 1 1
project1/controllers/orderController.go:68.56,74.15 4 1
project1/controllers/orderController.go:78.2,82.15 4 0
project1/controllers/orderController.go:85.2,85.16 1 0
project1/controllers/orderController.go:89.2,89.97 1 0
project1/controllers/orderController.go:74.15,76.3 1 1
project1/controllers/orderController.go:82.15,84.3 1 0
project1/controllers/orderController.go:85.16,87.3 1 0
project1/controllers/productController.go:15.52,21.30 4 0
project1/controllers/productController.go:24.2,25.14 2 0
project1/controllers/productController.go:28.2,29.97 2 0
project1/controllers/productController.go:21.30,23.3 1 0
project1/controllers/productController.go:25.14,27.3 1 0
project1/controllers/productController.go:33.50,36.14 2 0
project1/controllers/productController.go:39.2,39.19 1 0
project1/controllers/productController.go:42.2,42.97 1 0
project1/controllers/productController.go:36.14,38.3 1 0
project1/controllers/productController.go:39.19,41.3 1 0
project1/controllers/productController.go:46.49,49.16 2 0
project1/controllers/productController.go:53.2,54.14 2 0
project1/controllers/productController.go:57.2,57.18 1 0
project1/controllers/productController.go:60.2,60.97 1 0
project1/controllers/productController.go:49.16,51.3 1 0
project1/controllers/productController.go:54.14,56.3 1 0
project1/controllers/productController.go:57.18,59.3 1 0
project1/controllers/productController.go:64.53,69.14 3 0
project1/controllers/productController.go:72.2,72.18 1 0
project1/controllers/productController.go:75.2,75.102 1 0
project1/controllers/productController.go:69.14,71.3 1 0
project1/controllers/productController.go:72.18,74.3 1 0
project1/controllers/productController.go:79.52,82.14 2 0
project1/controllers/productController.go:87.2,89.24 3 0
project1/controllers/productController.go:93.2,98.92 5 0
project1/controllers/productController.go:82.14,84.3 1 0
project1/controllers/productController.go:89.24,91.3 1 0
project1/controllers/productController.go:102.52,105.16 2 0
project1/controllers/productController.go:109.2,111.24 3 0
project1/controllers/productController.go:115.2,116.86 2 0
project1/controllers/productController.go:105.16,107.3 1 0
project1/controllers/productController.go:111.24,113.3 1 0
project1/controllers/shoppingCartController.go:16.55,20.14 3 0
project1/controllers/shoppingCartController.go:23.2,23.23 1 0
project1/controllers/shoppingCartController.go:26.2,26.108 1 0
project1/controllers/shoppingCartController.go:20.14,22.3 1 0
project1/controllers/shoppingCartController.go:23.23,25.3 1 0
project1/controllers/shoppingCartController.go:30.58,35.30 4 0
project1/controllers/shoppingCartController.go:38.2,38.20 1 0
project1/controllers/shoppingCartController.go:42.2,43.14 2 0
project1/controllers/shoppingCartController.go:46.2,47.90 2 0
project1/controllers/shoppingCartController.go:35.30,37.3 1 0
project1/controllers/shoppingCartController.go:38.20,40.3 1 0
project1/controllers/shoppingCartController.go:43.14,45.3 1 0
project1/controllers/shoppingCartController.go:51.58,54.14 2 0
project1/controllers/shoppingCartController.go:59.2,61.16 3 0
project1/controllers/shoppingCartController.go:65.2,65.26 1 0
project1/controllers/shoppingCartController.go:69.2,70.16 2 0
project1/controllers/shoppingCartController.go:74.2,77.49 3 0
project1/controllers/shoppingCartController.go:82.2,87.15 4 0
project1/controllers/shoppingCartController.go:90.2,90.91 1 0
project1/controllers/shoppingCartController.go:54.14,56.3 1 0
project1/controllers/shoppingCartController.go:61.16,63.3 1 0
project1/controllers/shoppingCartController.go:65.26,67.3 1 0
project1/controllers/shoppingCartController.go:70.16,71.13 1 0
project1/controllers/shoppingCartController.go:77.49,79.3 1 0
project1/controllers/shoppingCartController.go:87.15,89.3 1 0
project1/controllers/shoppingCartController.go:93.57,96.16 2 0
project1/controllers/shoppingCartController.go:101.2,103.16 3 0
project1/controllers/shoppingCartController.go:106.2,107.16 2 0
project1/controllers/shoppingCartController.go:111.2,114.45 3 0
project1/controllers/shoppingCartController.go:119.2,120.14 2 0
project1/controllers/shoppingCartController.go:123.2,123.23 1 0
project1/controllers/shoppingCartController.go:126.2,126.86 1 0
project1/controllers/shoppingCartController.go:96.16,98.3 1 0
project1/controllers/shoppingCartController.go:103.16,105.3 1 0
project1/controllers/shoppingCartController.go:107.16,108.13 1 0
project1/controllers/shoppingCartController.go:114.45,116.3 1 0
project1/controllers/shoppingCartController.go:120.14,122.3 1 0
project1/controllers/shoppingCartController.go:123.23,125.3 1 0
project1/controllers/userController.go:17.52,20.19 3 0
project1/controllers/userController.go:26.2,30.16 4 0
project1/controllers/userController.go:34.2,36.4 1 0
project1/controllers/userController.go:20.19,24.3 1 0
project1/controllers/userController.go:30.16,32.3 1 0
project1/controllers/userController.go:40.49,44.16 4 0
project1/controllers/userController.go:47.2,50.4 1 0
project1/controllers/userController.go:44.16,46.3 1 0
project1/controllers/userController.go:54.47,56.16 2 0
project1/controllers/userController.go:59.2,60.21 2 0
project1/controllers/userController.go:63.2,64.14 2 0
project1/controllers/userController.go:67.2,70.4 1 0
project1/controllers/userController.go:56.16,58.3 1 0
project1/controllers/userController.go:60.21,62.3 1 0
project1/controllers/userController.go:64.14,66.3 1 0
project1/controllers/userController.go:74.49,76.16 2 0
project1/controllers/userController.go:79.2,80.18 2 0
project1/controllers/userController.go:83.2,85.4 1 0
project1/controllers/userController.go:76.16,78.3 1 0
project1/controllers/userController.go:80.18,82.3 1 0
project1/controllers/userController.go:89.49,92.16 3 0
project1/controllers/userController.go:95.2,96.14 2 0
project1/controllers/userController.go:99.2,102.4 1 0
project1/controllers/userController.go:92.16,94.3 1 0
project1/controllers/userController.go:96.14,98.3 1 0
