mode: set
project1/controllers/orderController.go:13.50,18.14 3 0
project1/controllers/orderController.go:21.2,21.16 1 0
project1/controllers/orderController.go:24.2,24.98 1 0
project1/controllers/orderController.go:18.14,20.3 1 0
project1/controllers/orderController.go:21.16,23.3 1 0
project1/controllers/orderController.go:27.54,32.14 3 0
project1/controllers/orderController.go:35.2,35.16 1 0
project1/controllers/orderController.go:38.2,38.98 1 0
project1/controllers/orderController.go:32.14,34.3 1 0
project1/controllers/orderController.go:35.16,37.3 1 0
project1/controllers/orderController.go:41.53,46.14 3 0
project1/controllers/orderController.go:49.2,49.16 1 0
project1/controllers/orderController.go:52.2,52.105 1 0
project1/controllers/orderController.go:46.14,48.3 1 0
project1/controllers/orderController.go:49.16,51.3 1 0
project1/controllers/orderController.go:56.50,62.14 4 0
project1/controllers/orderController.go:65.2,65.93 1 0
project1/controllers/orderController.go:62.14,64.3 1 0
project1/controllers/productController.go:16.52,23.14 4 0
project1/controllers/productController.go:26.2,26.97 1 0
project1/controllers/productController.go:23.14,25.3 1 0
project1/controllers/productController.go:30.50,33.14 2 0
project1/controllers/productController.go:36.2,36.97 1 0
project1/controllers/productController.go:33.14,35.3 1 0
project1/controllers/productController.go:40.49,43.16 2 0
project1/controllers/productController.go:47.2,48.14 2 0
project1/controllers/productController.go:51.2,51.18 1 0
project1/controllers/productController.go:54.2,54.97 1 0
project1/controllers/productController.go:43.16,45.3 1 0
project1/controllers/productController.go:48.14,50.3 1 0
project1/controllers/productController.go:51.18,53.3 1 0
project1/controllers/productController.go:58.53,63.14 3 0
project1/controllers/productController.go:66.2,66.18 1 0
project1/controllers/productController.go:69.2,69.102 1 0
project1/controllers/productController.go:63.14,65.3 1 0
project1/controllers/productController.go:66.18,68.3 1 0
project1/controllers/productController.go:73.52,76.14 2 0
project1/controllers/productController.go:81.2,83.16 3 0
project1/controllers/productController.go:86.2,86.21 1 0
project1/controllers/productController.go:89.2,90.16 2 0
project1/controllers/productController.go:93.2,96.43 3 0
project1/controllers/productController.go:101.2,105.15 4 0
project1/controllers/productController.go:108.2,108.86 1 0
project1/controllers/productController.go:76.14,78.3 1 0
project1/controllers/productController.go:83.16,85.3 1 0
project1/controllers/productController.go:86.21,88.3 1 0
project1/controllers/productController.go:90.16,91.13 1 0
project1/controllers/productController.go:96.43,98.3 1 0
project1/controllers/productController.go:105.15,107.3 1 0
project1/controllers/productController.go:112.52,115.16 2 0
project1/controllers/productController.go:120.2,122.16 3 0
project1/controllers/productController.go:125.2,125.21 1 0
project1/controllers/productController.go:128.2,129.16 2 0
project1/controllers/productController.go:132.2,135.40 3 0
project1/controllers/productController.go:140.2,140.50 1 0
project1/controllers/productController.go:143.2,143.86 1 0
project1/controllers/productController.go:115.16,117.3 1 0
project1/controllers/productController.go:122.16,124.3 1 0
project1/controllers/productController.go:125.21,127.3 1 0
project1/controllers/productController.go:129.16,130.13 1 0
project1/controllers/productController.go:135.40,137.3 1 0
project1/controllers/productController.go:140.50,142.3 1 0
project1/controllers/shoppingCartController.go:16.55,20.14 3 0
project1/controllers/shoppingCartController.go:23.2,23.23 1 0
project1/controllers/shoppingCartController.go:26.2,26.108 1 0
project1/controllers/shoppingCartController.go:20.14,22.3 1 0
project1/controllers/shoppingCartController.go:23.23,25.3 1 0
project1/controllers/shoppingCartController.go:30.58,35.30 4 1
project1/controllers/shoppingCartController.go:38.2,38.20 1 1
project1/controllers/shoppingCartController.go:42.2,43.14 2 1
project1/controllers/shoppingCartController.go:46.2,47.90 2 1
project1/controllers/shoppingCartController.go:35.30,37.3 1 1
project1/controllers/shoppingCartController.go:38.20,40.3 1 0
project1/controllers/shoppingCartController.go:43.14,45.3 1 0
project1/controllers/shoppingCartController.go:51.58,54.14 2 0
project1/controllers/shoppingCartController.go:59.2,61.16 3 0
project1/controllers/shoppingCartController.go:65.2,65.26 1 0
project1/controllers/shoppingCartController.go:69.2,70.16 2 0
project1/controllers/shoppingCartController.go:74.2,77.49 3 0
project1/controllers/shoppingCartController.go:82.2,87.15 4 0
project1/controllers/shoppingCartController.go:90.2,90.91 1 0
project1/controllers/shoppingCartController.go:54.14,56.3 1 0
project1/controllers/shoppingCartController.go:61.16,63.3 1 0
project1/controllers/shoppingCartController.go:65.26,67.3 1 0
project1/controllers/shoppingCartController.go:70.16,71.13 1 0
project1/controllers/shoppingCartController.go:77.49,79.3 1 0
project1/controllers/shoppingCartController.go:87.15,89.3 1 0
project1/controllers/shoppingCartController.go:93.57,96.16 2 0
project1/controllers/shoppingCartController.go:101.2,103.16 3 0
project1/controllers/shoppingCartController.go:106.2,107.16 2 0
project1/controllers/shoppingCartController.go:111.2,114.45 3 0
project1/controllers/shoppingCartController.go:119.2,120.14 2 0
project1/controllers/shoppingCartController.go:123.2,123.23 1 0
project1/controllers/shoppingCartController.go:126.2,126.86 1 0
project1/controllers/shoppingCartController.go:96.16,98.3 1 0
project1/controllers/shoppingCartController.go:103.16,105.3 1 0
project1/controllers/shoppingCartController.go:107.16,108.13 1 0
project1/controllers/shoppingCartController.go:114.45,116.3 1 0
project1/controllers/shoppingCartController.go:120.14,122.3 1 0
project1/controllers/shoppingCartController.go:123.23,125.3 1 0
project1/controllers/userController.go:17.49,22.16 4 0
project1/controllers/userController.go:27.2,30.4 1 0
project1/controllers/userController.go:22.16,26.3 1 0
project1/controllers/userController.go:34.50,36.16 2 0
project1/controllers/userController.go:41.2,44.4 1 0
project1/controllers/userController.go:36.16,40.3 1 0
project1/controllers/userController.go:48.52,51.16 3 0
project1/controllers/userController.go:56.2,59.4 1 0
project1/controllers/userController.go:51.16,55.3 1 0
project1/controllers/userController.go:63.47,66.16 3 0
project1/controllers/userController.go:71.2,72.16 2 0
project1/controllers/userController.go:79.2,82.4 1 0
project1/controllers/userController.go:66.16,70.3 1 0
project1/controllers/userController.go:72.16,77.3 1 0
project1/controllers/userController.go:86.49,88.16 2 0
project1/controllers/userController.go:93.2,94.16 2 0
project1/controllers/userController.go:100.2,102.4 1 0
project1/controllers/userController.go:88.16,92.3 1 0
project1/controllers/userController.go:94.16,99.3 1 0
project1/controllers/userController.go:106.49,109.16 3 0
project1/controllers/userController.go:114.2,115.16 2 0
project1/controllers/userController.go:121.2,124.4 1 0
project1/controllers/userController.go:109.16,113.3 1 0
project1/controllers/userController.go:115.16,120.3 1 0
